Performing C++ SOURCE FILE Test CMAKE_HAVE_LIBC_PTHREAD failed with the following output:
Change Dir: /mnt/c/vika/work/itechart/message_broker/build/CMakeFiles/CMakeTmp

Run Build Command(s):/usr/bin/gmake -f Makefile cmTC_95a6c/fast && /usr/bin/gmake  -f CMakeFiles/cmTC_95a6c.dir/build.make CMakeFiles/cmTC_95a6c.dir/build
gmake[1]: Entering directory '/mnt/c/vika/work/itechart/message_broker/build/CMakeFiles/CMakeTmp'
Building CXX object CMakeFiles/cmTC_95a6c.dir/src.cxx.o
/usr/bin/c++ -DCMAKE_HAVE_LIBC_PTHREAD  -std=gnu++20 -o CMakeFiles/cmTC_95a6c.dir/src.cxx.o -c /mnt/c/vika/work/itechart/message_broker/build/CMakeFiles/CMakeTmp/src.cxx
Linking CXX executable cmTC_95a6c
/usr/bin/cmake -E cmake_link_script CMakeFiles/cmTC_95a6c.dir/link.txt --verbose=1
/usr/bin/c++ CMakeFiles/cmTC_95a6c.dir/src.cxx.o -o cmTC_95a6c 
/usr/bin/ld: CMakeFiles/cmTC_95a6c.dir/src.cxx.o: in function `main':
src.cxx:(.text+0x2f): undefined reference to `pthread_create'
/usr/bin/ld: src.cxx:(.text+0x3b): undefined reference to `pthread_detach'
/usr/bin/ld: src.cxx:(.text+0x47): undefined reference to `pthread_cancel'
/usr/bin/ld: src.cxx:(.text+0x58): undefined reference to `pthread_join'
collect2: error: ld returned 1 exit status
gmake[1]: *** [CMakeFiles/cmTC_95a6c.dir/build.make:99: cmTC_95a6c] Error 1
gmake[1]: Leaving directory '/mnt/c/vika/work/itechart/message_broker/build/CMakeFiles/CMakeTmp'
gmake: *** [Makefile:127: cmTC_95a6c/fast] Error 2


Source file was:
#include <pthread.h>

static void* test_func(void* data)
{
  return data;
}

int main(void)
{
  pthread_t thread;
  pthread_create(&thread, NULL, test_func, NULL);
  pthread_detach(thread);
  pthread_cancel(thread);
  pthread_join(thread, NULL);
  pthread_atfork(NULL, NULL, NULL);
  pthread_exit(NULL);

  return 0;
}

Determining if the function pthread_create exists in the pthreads failed with the following output:
Change Dir: /mnt/c/vika/work/itechart/message_broker/build/CMakeFiles/CMakeTmp

Run Build Command(s):/usr/bin/gmake -f Makefile cmTC_881b8/fast && /usr/bin/gmake  -f CMakeFiles/cmTC_881b8.dir/build.make CMakeFiles/cmTC_881b8.dir/build
gmake[1]: Entering directory '/mnt/c/vika/work/itechart/message_broker/build/CMakeFiles/CMakeTmp'
Building CXX object CMakeFiles/cmTC_881b8.dir/CheckFunctionExists.cxx.o
/usr/bin/c++   -DCHECK_FUNCTION_EXISTS=pthread_create -std=gnu++20 -o CMakeFiles/cmTC_881b8.dir/CheckFunctionExists.cxx.o -c /mnt/c/vika/work/itechart/message_broker/build/CMakeFiles/CheckLibraryExists/CheckFunctionExists.cxx
Linking CXX executable cmTC_881b8
/usr/bin/cmake -E cmake_link_script CMakeFiles/cmTC_881b8.dir/link.txt --verbose=1
/usr/bin/c++  -DCHECK_FUNCTION_EXISTS=pthread_create CMakeFiles/cmTC_881b8.dir/CheckFunctionExists.cxx.o -o cmTC_881b8  -lpthreads 
/usr/bin/ld: cannot find -lpthreads: No such file or directory
collect2: error: ld returned 1 exit status
gmake[1]: *** [CMakeFiles/cmTC_881b8.dir/build.make:99: cmTC_881b8] Error 1
gmake[1]: Leaving directory '/mnt/c/vika/work/itechart/message_broker/build/CMakeFiles/CMakeTmp'
gmake: *** [Makefile:127: cmTC_881b8/fast] Error 2



